# yersinia v0.7.3 started in merlin on Tue May  2 11:02:19 2017

Network Interface eth0

 eth0 iflinkname EN10MB
 eth0 iflinkdesc Ethernet
 eth0 MAC = 000c.29d7.9436
Network Interface lo

 lo iflinkname EN10MB
 lo iflinkdesc Ethernet
 lo MAC = 0000.0000.0000
Network Interface bluetooth0
Network Interface nflog
Network Interface nfqueue
Network Interface usbmon1
pcap_open_live failed: usbmon1: Can't open USB bus file /sys/kernel/debug/usbmon/1t: No such file or directory
Network Interface usbmon2
pcap_open_live failed: usbmon2: Can't open USB bus file /sys/kernel/debug/usbmon/2t: No such file or directory

 th_uptime thread = 1375020800

 gtk_gui_th = 1366628096
 eth0 libnet_handler 4C148A00
# yersinia v0.7.3 started in merlin on Mon May  8 20:05:56 2017

Network Interface eth0

 eth0 iflinkname EN10MB
 eth0 iflinkdesc Ethernet
 eth0 MAC = 000c.29d7.9436
Network Interface lo

 lo iflinkname EN10MB
 lo iflinkdesc Ethernet
 lo MAC = 0000.0000.0000
Network Interface bluetooth0
Network Interface nflog
Network Interface nfqueue
Network Interface usbmon1
pcap_open_live failed: usbmon1: Can't open USB bus file /sys/kernel/debug/usbmon/1t: No such file or directory
Network Interface usbmon2
pcap_open_live failed: usbmon2: Can't open USB bus file /sys/kernel/debug/usbmon/2t: No such file or directory

 th_uptime thread = -1215858944

 gtk_gui_th = -1224251648
 eth0 libnet_handler B01479F0
Ohhh no hay paquetes del modo 5, fila 0 :(
Ohhh no hay paquetes del modo 5, fila 0 :(
Ohhh no hay paquetes del modo 5, fila 0 :(
 attack_launch: -1224251648 Attack thread 139821266630400 is born!!
 attack_th_exit -> attack_th.stop=0   attack_th.id=-1393690880....
 attack_th_exit: -1393690880 finished
Exiting GTK mode...

 gtk_gui_th_exit start...
 gtk_gui_th_exit finish...
 g00dbye function called from -1074783872

 ints_destroy started...
 ints_destroy killing pcap_listener(-1207466240)...

 thread_destroy -1074783872 destroying -1207466240...
 thread_destroy -1074783872 after PTHREAD_JOIN -1207466240...
 ints_destroy finished...
 Showing MOTD..
# yersinia finished on Mon May  8 20:27:10 2017

# yersinia v0.7.3 started in merlin on Mon May  8 20:27:54 2017

Network Interface eth0

 eth0 iflinkname EN10MB
 eth0 iflinkdesc Ethernet
 eth0 MAC = 000c.29d7.9436
Network Interface lo

 lo iflinkname EN10MB
 lo iflinkdesc Ethernet
 lo MAC = 0000.0000.0000
Network Interface bluetooth0
Network Interface nflog
Network Interface nfqueue
Network Interface usbmon1
pcap_open_live failed: usbmon1: Can't open USB bus file /sys/kernel/debug/usbmon/1t: No such file or directory
Network Interface usbmon2
pcap_open_live failed: usbmon2: Can't open USB bus file /sys/kernel/debug/usbmon/2t: No such file or directory

 th_uptime thread = 1798100736

 gtk_gui_th = 1789708032
 eth0 libnet_handler 64149530
# yersinia v0.7.3 started in merlin on Mon May  8 20:28:03 2017

Network Interface eth0

 eth0 iflinkname EN10MB
 eth0 iflinkdesc Ethernet
 eth0 MAC = 000c.29d7.9436
Network Interface lo

 lo iflinkname EN10MB
 lo iflinkdesc Ethernet
 lo MAC = 0000.0000.0000
Network Interface bluetooth0
Network Interface nflog
Network Interface nfqueue
Network Interface usbmon1
pcap_open_live failed: usbmon1: Can't open USB bus file /sys/kernel/debug/usbmon/1t: No such file or directory
Network Interface usbmon2
pcap_open_live failed: usbmon2: Can't open USB bus file /sys/kernel/debug/usbmon/2t: No such file or directory

 th_uptime thread = 892311296

 gtk_gui_th = 883918592
 eth0 libnet_handler 30148A00
Ohhh no hay paquetes del modo 1, fila 0 :(
# yersinia v0.7.3 started in merlin on Mon May  8 20:35:05 2017

Network Interface eth0

 eth0 iflinkname EN10MB
 eth0 iflinkdesc Ethernet
 eth0 MAC = 000c.29d7.9436
Network Interface lo

 lo iflinkname EN10MB
 lo iflinkdesc Ethernet
 lo MAC = 0000.0000.0000
Network Interface bluetooth0
Network Interface nflog
Network Interface nfqueue
Network Interface usbmon1
pcap_open_live failed: usbmon1: Can't open USB bus file /sys/kernel/debug/usbmon/1t: No such file or directory
Network Interface usbmon2
pcap_open_live failed: usbmon2: Can't open USB bus file /sys/kernel/debug/usbmon/2t: No such file or directory

 th_uptime thread = 1671997184

 gtk_gui_th = 1663604480
 eth0 libnet_handler 5C1495E0
Ohhh no hay paquetes del modo 10, fila 0 :(
# yersinia v0.7.3 started in merlin on Mon May  8 20:35:14 2017

Network Interface eth0

 eth0 iflinkname EN10MB
 eth0 iflinkdesc Ethernet
 eth0 MAC = 000c.29d7.9436
Network Interface lo

 lo iflinkname EN10MB
 lo iflinkdesc Ethernet
 lo MAC = 0000.0000.0000
Network Interface bluetooth0
Network Interface nflog
Network Interface nfqueue
Network Interface usbmon1
pcap_open_live failed: usbmon1: Can't open USB bus file /sys/kernel/debug/usbmon/1t: No such file or directory
Network Interface usbmon2
pcap_open_live failed: usbmon2: Can't open USB bus file /sys/kernel/debug/usbmon/2t: No such file or directory

 th_uptime thread = -1076750592

 gtk_gui_th = -1085143296
 eth0 libnet_handler B8148A00
Ohhh no hay paquetes del modo 7, fila 0 :(
Ohhh no hay paquetes del modo 6, fila 0 :(
Ohhh no hay paquetes del modo 5, fila 0 :(
# yersinia v0.7.3 started in merlin on Mon May  8 21:00:36 2017

Network Interface eth0

 eth0 iflinkname EN10MB
 eth0 iflinkdesc Ethernet
 eth0 MAC = 000c.29d7.9436
Network Interface lo

 lo iflinkname EN10MB
 lo iflinkdesc Ethernet
 lo MAC = 0000.0000.0000
Network Interface bluetooth0
Network Interface nflog
Network Interface nfqueue
Network Interface usbmon1
pcap_open_live failed: usbmon1: Can't open USB bus file /sys/kernel/debug/usbmon/1t: No such file or directory
Network Interface usbmon2
pcap_open_live failed: usbmon2: Can't open USB bus file /sys/kernel/debug/usbmon/2t: No such file or directory

 th_uptime thread = 387651328

 gtk_gui_th = 379258624
 eth0 libnet_handler 101479F0
